<?xml version="1.0" encoding="UTF-8"?>
<testsuite xmlns:xsi="http://www.w3.org/2001/XMLSchema-instance" xsi:noNamespaceSchemaLocation="https://maven.apache.org/surefire/maven-surefire-plugin/xsd/surefire-test-report-3.0.xsd" version="3.0" name="tests.AttorneyFormTests" time="0.042" tests="8" errors="0" skipped="0" failures="0">
  <properties>
    <property name="java.specification.version" value="21"/>
    <property name="sun.cpu.isalist" value="amd64"/>
    <property name="sun.jnu.encoding" value="Cp1252"/>
    <property name="java.class.path" value="c:\Users\ajpag\OneDrive\Documents\java_projects\Group13\attorney\target\test-classes;C:\Users\ajpag\.m2\repository\org\openjfx\javafx-fxml\22-ea+11\javafx-fxml-22-ea+11.jar;C:\Users\ajpag\.m2\repository\junit\junit\4.13.2\junit-4.13.2.jar;C:\Users\ajpag\.m2\repository\org\hamcrest\hamcrest-core\1.3\hamcrest-core-1.3.jar;C:\Users\ajpag\.m2\repository\org\openjfx\javafx-controls\13\javafx-controls-13.jar;C:\Users\ajpag\.m2\repository\org\openjfx\javafx-graphics\13\javafx-graphics-13.jar;C:\Users\ajpag\.m2\repository\org\openjfx\javafx-base\13\javafx-base-13.jar;"/>
    <property name="java.vm.vendor" value="Oracle Corporation"/>
    <property name="sun.arch.data.model" value="64"/>
    <property name="user.variant" value=""/>
    <property name="java.vendor.url" value="https://java.oracle.com/"/>
    <property name="user.timezone" value="America/New_York"/>
    <property name="os.name" value="Windows 10"/>
    <property name="java.vm.specification.version" value="21"/>
    <property name="sun.java.launcher" value="SUN_STANDARD"/>
    <property name="user.country" value="US"/>
    <property name="sun.boot.library.path" value="C:\Program Files\Java\jdk-21\bin"/>
    <property name="sun.java.command" value="org.apache.maven.surefire.booter.ForkedBooter C:\Users\ajpag\AppData\Local\Temp\surefire634793682285777691 2023-12-01T21-27-13_312-jvmRun1 surefire-20231201212713639_1tmp surefire_0-20231201212713639_2tmp"/>
    <property name="jdk.debug" value="release"/>
    <property name="surefire.test.class.path" value="c:\Users\ajpag\OneDrive\Documents\java_projects\Group13\attorney\target\test-classes;C:\Users\ajpag\.m2\repository\org\openjfx\javafx-fxml\22-ea+11\javafx-fxml-22-ea+11.jar;C:\Users\ajpag\.m2\repository\junit\junit\4.13.2\junit-4.13.2.jar;C:\Users\ajpag\.m2\repository\org\hamcrest\hamcrest-core\1.3\hamcrest-core-1.3.jar;C:\Users\ajpag\.m2\repository\org\openjfx\javafx-controls\13\javafx-controls-13.jar;C:\Users\ajpag\.m2\repository\org\openjfx\javafx-graphics\13\javafx-graphics-13.jar;C:\Users\ajpag\.m2\repository\org\openjfx\javafx-base\13\javafx-base-13.jar;"/>
    <property name="sun.cpu.endian" value="little"/>
    <property name="user.home" value="C:\Users\ajpag"/>
    <property name="user.language" value="en"/>
    <property name="java.specification.vendor" value="Oracle Corporation"/>
    <property name="jdk.module.path" value="c:\Users\ajpag\OneDrive\Documents\java_projects\Group13\attorney\target\classes;C:\Users\ajpag\.m2\repository\org\openjfx\javafx-fxml\22-ea+11\javafx-fxml-22-ea+11-win.jar;C:\Users\ajpag\.m2\repository\org\openjfx\javafx-controls\13\javafx-controls-13-win.jar;C:\Users\ajpag\.m2\repository\org\openjfx\javafx-graphics\13\javafx-graphics-13-win.jar;C:\Users\ajpag\.m2\repository\org\openjfx\javafx-base\13\javafx-base-13-win.jar"/>
    <property name="java.version.date" value="2023-10-17"/>
    <property name="java.home" value="C:\Program Files\Java\jdk-21"/>
    <property name="file.separator" value="\"/>
    <property name="basedir" value="c:\Users\ajpag\OneDrive\Documents\java_projects\Group13\attorney"/>
    <property name="java.vm.compressedOopsMode" value="Zero based"/>
    <property name="line.separator" value="&#10;"/>
    <property name="java.vm.specification.vendor" value="Oracle Corporation"/>
    <property name="java.specification.name" value="Java Platform API Specification"/>
    <property name="surefire.real.class.path" value="C:\Users\ajpag\.m2\repository\org\apache\maven\surefire\surefire-api\3.1.2\surefire-api-3.1.2.jar;C:\Users\ajpag\.m2\repository\org\apache\maven\surefire\surefire-booter\3.1.2\surefire-booter-3.1.2.jar;C:\Users\ajpag\.m2\repository\org\apache\maven\surefire\surefire-extensions-spi\3.1.2\surefire-extensions-spi-3.1.2.jar;C:\Users\ajpag\.m2\repository\org\apache\maven\surefire\surefire-logger-api\3.1.2\surefire-logger-api-3.1.2.jar;C:\Users\ajpag\.m2\repository\org\apache\maven\surefire\surefire-shared-utils\3.1.2\surefire-shared-utils-3.1.2.jar;c:\Users\ajpag\OneDrive\Documents\java_projects\Group13\attorney\target\test-classes;C:\Users\ajpag\.m2\repository\org\openjfx\javafx-fxml\22-ea+11\javafx-fxml-22-ea+11.jar;C:\Users\ajpag\.m2\repository\junit\junit\4.13.2\junit-4.13.2.jar;C:\Users\ajpag\.m2\repository\org\hamcrest\hamcrest-core\1.3\hamcrest-core-1.3.jar;C:\Users\ajpag\.m2\repository\org\openjfx\javafx-controls\13\javafx-controls-13.jar;C:\Users\ajpag\.m2\repository\org\openjfx\javafx-graphics\13\javafx-graphics-13.jar;C:\Users\ajpag\.m2\repository\org\openjfx\javafx-base\13\javafx-base-13.jar;C:\Users\ajpag\.m2\repository\org\apache\maven\surefire\surefire-junit4\3.1.2\surefire-junit4-3.1.2.jar;C:\Users\ajpag\.m2\repository\org\apache\maven\surefire\common-java5\3.1.2\common-java5-3.1.2.jar;C:\Users\ajpag\.m2\repository\org\apache\maven\surefire\common-junit3\3.1.2\common-junit3-3.1.2.jar;C:\Users\ajpag\.m2\repository\org\apache\maven\surefire\common-junit4\3.1.2\common-junit4-3.1.2.jar"/>
    <property name="user.script" value=""/>
    <property name="sun.management.compiler" value="HotSpot 64-Bit Tiered Compilers"/>
    <property name="java.runtime.version" value="21.0.1+12-LTS-29"/>
    <property name="user.name" value="ajpag"/>
    <property name="stdout.encoding" value="Cp1252"/>
    <property name="path.separator" value=";"/>
    <property name="os.version" value="10.0"/>
    <property name="java.runtime.name" value="Java(TM) SE Runtime Environment"/>
    <property name="file.encoding" value="UTF-8"/>
    <property name="java.vm.name" value="Java HotSpot(TM) 64-Bit Server VM"/>
    <property name="localRepository" value="C:\Users\ajpag\.m2\repository"/>
    <property name="java.vendor.url.bug" value="https://bugreport.java.com/bugreport/"/>
    <property name="java.io.tmpdir" value="C:\Users\ajpag\AppData\Local\Temp\"/>
    <property name="java.version" value="21.0.1"/>
    <property name="user.dir" value="c:\Users\ajpag\OneDrive\Documents\java_projects\Group13\attorney"/>
    <property name="os.arch" value="amd64"/>
    <property name="java.vm.specification.name" value="Java Virtual Machine Specification"/>
    <property name="sun.os.patch.level" value=""/>
    <property name="native.encoding" value="Cp1252"/>
    <property name="java.library.path" value="C:\Program Files\Java\jdk-21\bin;C:\Windows\Sun\Java\bin;C:\Windows\system32;C:\Windows;C:\Program Files\Common Files\Oracle\Java\javapath;C:\Windows\system32;C:\Windows;C:\Windows\System32\Wbem;C:\Windows\System32\WindowsPowerShell\v1.0\;C:\Windows\System32\OpenSSH\;C:\Program Files\Java\jdk-21\bin;C:\apache-maven-3.9.5\bin;C:\Program Files\Git\cmd;C:\Users\ajpag\AppData\Local\Microsoft\WindowsApps;;C:\Users\ajpag\AppData\Local\Programs\Microsoft VS Code\bin;."/>
    <property name="java.vm.info" value="mixed mode"/>
    <property name="stderr.encoding" value="Cp1252"/>
    <property name="java.vendor" value="Oracle Corporation"/>
    <property name="java.vm.version" value="21.0.1+12-LTS-29"/>
    <property name="sun.io.unicode.encoding" value="UnicodeLittle"/>
    <property name="java.class.version" value="65.0"/>
  </properties>
  <testcase name="testNullSendToWf" classname="tests.AttorneyFormTests" time="0.0"/>
  <testcase name="testPurgeDb" classname="tests.AttorneyFormTests" time="0.025"/>
  <testcase name="testGetters" classname="tests.AttorneyFormTests" time="0.0"/>
  <testcase name="getDb" classname="tests.AttorneyFormTests" time="0.002"/>
  <testcase name="testSetters" classname="tests.AttorneyFormTests" time="0.001"/>
  <testcase name="testSendToDb" classname="tests.AttorneyFormTests" time="0.003"/>
  <testcase name="testSendToWf" classname="tests.AttorneyFormTests" time="0.007"/>
  <testcase name="testUpdateDb" classname="tests.AttorneyFormTests" time="0.003"/>
</testsuite>